TOTAL TESTING SCORE: 43.4%

- - - - - - - - - - - - - - - - - - - - - - - - - - - - - - - - - - - - - - 

SUMMARY BY TEST SET

Test Set                                      Pts Max  % Ttl  % Max
--------------------------------------------- --- --- ------ ------
tests/filesys/extended/Rubric.functionality     0/ 34   0.0%/ 30.0%
tests/filesys/extended/Rubric.robustness        0/ 10   0.0%/ 15.0%
tests/filesys/extended/Rubric.persistence       0/ 23   0.0%/ 20.0%
tests/filesys/base/Rubric                      28/ 30  18.7%/ 20.0%
tests/userprog/Rubric.functionality           108/108  10.0%/ 10.0%
tests/userprog/Rubric.robustness               88/ 88   5.0%/  5.0%
tests/vm/Rubric.functionality                  53/ 55   7.7%/  8.0%
tests/vm/Rubric.robustness                     28/ 28   2.0%/  2.0%
--------------------------------------------- --- --- ------ ------
Total                                                  43.4%/110.0%

- - - - - - - - - - - - - - - - - - - - - - - - - - - - - - - - - - - - - - 

SUMMARY OF INDIVIDUAL TESTS

Functionality of extended file system (tests/filesys/extended/Rubric.functionality):
	- Test directory support.
	  ** 0/ 1 tests/filesys/extended/dir-mkdir
	  ** 0/ 3 tests/filesys/extended/dir-mk-tree

	  ** 0/ 1 tests/filesys/extended/dir-rmdir
	  ** 0/ 3 tests/filesys/extended/dir-rm-tree

	  ** 0/ 5 tests/filesys/extended/dir-vine

	- Test file growth.
	  ** 0/ 1 tests/filesys/extended/grow-create
	  ** 0/ 1 tests/filesys/extended/grow-seq-sm
	  ** 0/ 3 tests/filesys/extended/grow-seq-lg
	  ** 0/ 3 tests/filesys/extended/grow-sparse
	  ** 0/ 3 tests/filesys/extended/grow-two-files
	  ** 0/ 1 tests/filesys/extended/grow-tell
	  ** 0/ 1 tests/filesys/extended/grow-file-size

	- Test directory growth.
	  ** 0/ 1 tests/filesys/extended/grow-dir-lg
	  ** 0/ 1 tests/filesys/extended/grow-root-sm
	  ** 0/ 1 tests/filesys/extended/grow-root-lg

	- Test writing from multiple processes.
	  ** 0/ 5 tests/filesys/extended/syn-rw

	- Section summary.
	      0/ 16 tests passed
	      0/ 34 points subtotal

Robustness of file system (tests/filesys/extended/Rubric.robustness):
	  ** 0/ 1 tests/filesys/extended/dir-empty-name
	  ** 0/ 1 tests/filesys/extended/dir-open
	  ** 0/ 1 tests/filesys/extended/dir-over-file
	  ** 0/ 1 tests/filesys/extended/dir-under-file

	  ** 0/ 3 tests/filesys/extended/dir-rm-cwd
	  ** 0/ 2 tests/filesys/extended/dir-rm-parent
	  ** 0/ 1 tests/filesys/extended/dir-rm-root

	- Section summary.
	      0/  7 tests passed
	      0/ 10 points subtotal

Persistence of file system (tests/filesys/extended/Rubric.persistence):
	  ** 0/ 1 tests/filesys/extended/dir-empty-name-persistence
	  ** 0/ 1 tests/filesys/extended/dir-mk-tree-persistence
	  ** 0/ 1 tests/filesys/extended/dir-mkdir-persistence
	  ** 0/ 1 tests/filesys/extended/dir-open-persistence
	  ** 0/ 1 tests/filesys/extended/dir-over-file-persistence
	  ** 0/ 1 tests/filesys/extended/dir-rm-cwd-persistence
	  ** 0/ 1 tests/filesys/extended/dir-rm-parent-persistence
	  ** 0/ 1 tests/filesys/extended/dir-rm-root-persistence
	  ** 0/ 1 tests/filesys/extended/dir-rm-tree-persistence
	  ** 0/ 1 tests/filesys/extended/dir-rmdir-persistence
	  ** 0/ 1 tests/filesys/extended/dir-under-file-persistence
	  ** 0/ 1 tests/filesys/extended/dir-vine-persistence
	  ** 0/ 1 tests/filesys/extended/grow-create-persistence
	  ** 0/ 1 tests/filesys/extended/grow-dir-lg-persistence
	  ** 0/ 1 tests/filesys/extended/grow-file-size-persistence
	  ** 0/ 1 tests/filesys/extended/grow-root-lg-persistence
	  ** 0/ 1 tests/filesys/extended/grow-root-sm-persistence
	  ** 0/ 1 tests/filesys/extended/grow-seq-lg-persistence
	  ** 0/ 1 tests/filesys/extended/grow-seq-sm-persistence
	  ** 0/ 1 tests/filesys/extended/grow-sparse-persistence
	  ** 0/ 1 tests/filesys/extended/grow-tell-persistence
	  ** 0/ 1 tests/filesys/extended/grow-two-files-persistence
	  ** 0/ 1 tests/filesys/extended/syn-rw-persistence

	- Section summary.
	      0/ 23 tests passed
	      0/ 23 points subtotal

Functionality of base file system (tests/filesys/base/Rubric):
	- Test basic support for small files.
	     1/ 1 tests/filesys/base/sm-create
	     2/ 2 tests/filesys/base/sm-full
	     2/ 2 tests/filesys/base/sm-random
	     2/ 2 tests/filesys/base/sm-seq-block
	     3/ 3 tests/filesys/base/sm-seq-random

	- Test basic support for large files.
	     1/ 1 tests/filesys/base/lg-create
	     2/ 2 tests/filesys/base/lg-full
	     2/ 2 tests/filesys/base/lg-random
	     2/ 2 tests/filesys/base/lg-seq-block
	     3/ 3 tests/filesys/base/lg-seq-random

	- Test synchronized multiprogram access to files.
	     4/ 4 tests/filesys/base/syn-read
	     4/ 4 tests/filesys/base/syn-write
	  ** 0/ 2 tests/filesys/base/syn-remove

	- Section summary.
	     12/ 13 tests passed
	     28/ 30 points subtotal

Functionality of system calls (tests/userprog/Rubric.functionality):
	- Test argument passing on Pintos command line.
	     3/ 3 tests/userprog/args-none
	     3/ 3 tests/userprog/args-single
	     3/ 3 tests/userprog/args-multiple
	     3/ 3 tests/userprog/args-many
	     3/ 3 tests/userprog/args-dbl-space

	- Test "create" system call.
	     3/ 3 tests/userprog/create-empty
	     3/ 3 tests/userprog/create-long
	     3/ 3 tests/userprog/create-normal
	     3/ 3 tests/userprog/create-exists

	- Test "open" system call.
	     3/ 3 tests/userprog/open-missing
	     3/ 3 tests/userprog/open-normal
	     3/ 3 tests/userprog/open-twice

	- Test "read" system call.
	     3/ 3 tests/userprog/read-normal
	     3/ 3 tests/userprog/read-zero

	- Test "write" system call.
	     3/ 3 tests/userprog/write-normal
	     3/ 3 tests/userprog/write-zero

	- Test "close" system call.
	     3/ 3 tests/userprog/close-normal

	- Test "exec" system call.
	     5/ 5 tests/userprog/exec-once
	     5/ 5 tests/userprog/exec-multiple
	     5/ 5 tests/userprog/exec-arg

	- Test "wait" system call.
	     5/ 5 tests/userprog/wait-simple
	     5/ 5 tests/userprog/wait-twice

	- Test "exit" system call.
	     5/ 5 tests/userprog/exit

	- Test "halt" system call.
	     3/ 3 tests/userprog/halt

	- Test recursive execution of user programs.
	    15/15 tests/userprog/multi-recurse

	- Test read-only executable feature.
	     3/ 3 tests/userprog/rox-simple
	     3/ 3 tests/userprog/rox-child
	     3/ 3 tests/userprog/rox-multichild

	- Section summary.
	     28/ 28 tests passed
	    108/108 points subtotal

Robustness of system calls (tests/userprog/Rubric.robustness):
	- Test robustness of file descriptor handling.
	     2/ 2 tests/userprog/close-stdin
	     2/ 2 tests/userprog/close-stdout
	     2/ 2 tests/userprog/close-bad-fd
	     2/ 2 tests/userprog/close-twice
	     2/ 2 tests/userprog/read-bad-fd
	     2/ 2 tests/userprog/read-stdout
	     2/ 2 tests/userprog/write-bad-fd
	     2/ 2 tests/userprog/write-stdin
	     2/ 2 tests/userprog/multi-child-fd

	- Test robustness of pointer handling.
	     3/ 3 tests/userprog/create-bad-ptr
	     3/ 3 tests/userprog/exec-bad-ptr
	     3/ 3 tests/userprog/open-bad-ptr
	     3/ 3 tests/userprog/read-bad-ptr
	     3/ 3 tests/userprog/write-bad-ptr

	- Test robustness of buffer copying across page boundaries.
	     3/ 3 tests/userprog/create-bound
	     3/ 3 tests/userprog/open-boundary
	     3/ 3 tests/userprog/read-boundary
	     3/ 3 tests/userprog/write-boundary

	- Test handling of null pointer and empty strings.
	     2/ 2 tests/userprog/create-null
	     2/ 2 tests/userprog/open-null
	     2/ 2 tests/userprog/open-empty

	- Test robustness of system call implementation.
	     3/ 3 tests/userprog/sc-bad-arg
	     3/ 3 tests/userprog/sc-bad-sp
	     5/ 5 tests/userprog/sc-boundary
	     5/ 5 tests/userprog/sc-boundary-2

	- Test robustness of "exec" and "wait" system calls.
	     5/ 5 tests/userprog/exec-missing
	     5/ 5 tests/userprog/wait-bad-pid
	     5/ 5 tests/userprog/wait-killed

	- Test robustness of exception handling.
	     1/ 1 tests/userprog/bad-read
	     1/ 1 tests/userprog/bad-write
	     1/ 1 tests/userprog/bad-jump
	     1/ 1 tests/userprog/bad-read2
	     1/ 1 tests/userprog/bad-write2
	     1/ 1 tests/userprog/bad-jump2

	- Section summary.
	     34/ 34 tests passed
	     88/ 88 points subtotal

Functionality of virtual memory subsystem (tests/vm/Rubric.functionality):
	- Test stack growth.
	     3/ 3 tests/vm/pt-grow-stack
	     3/ 3 tests/vm/pt-grow-stk-sc
	     3/ 3 tests/vm/pt-big-stk-obj
	     3/ 3 tests/vm/pt-grow-pusha

	- Test paging behavior.
	     3/ 3 tests/vm/page-linear
	     3/ 3 tests/vm/page-parallel
	     3/ 3 tests/vm/page-shuffle
	     4/ 4 tests/vm/page-merge-seq
	     4/ 4 tests/vm/page-merge-par
	     4/ 4 tests/vm/page-merge-mm
	     4/ 4 tests/vm/page-merge-stk

	- Test "mmap" system call.
	     2/ 2 tests/vm/mmap-read
	     2/ 2 tests/vm/mmap-write
	     2/ 2 tests/vm/mmap-shuffle

	     2/ 2 tests/vm/mmap-twice

	     2/ 2 tests/vm/mmap-unmap
	     1/ 1 tests/vm/mmap-exit

	     3/ 3 tests/vm/mmap-clean

	     2/ 2 tests/vm/mmap-close
	  ** 0/ 2 tests/vm/mmap-remove

	- Section summary.
	     19/ 20 tests passed
	     53/ 55 points subtotal

Robustness of virtual memory subsystem (tests/vm/Rubric.robustness):
	- Test robustness of page table support.
	     2/ 2 tests/vm/pt-bad-addr
	     3/ 3 tests/vm/pt-bad-read
	     2/ 2 tests/vm/pt-write-code
	     3/ 3 tests/vm/pt-write-code2
	     4/ 4 tests/vm/pt-grow-bad

	- Test robustness of "mmap" system call.
	     1/ 1 tests/vm/mmap-bad-fd
	     1/ 1 tests/vm/mmap-inherit
	     1/ 1 tests/vm/mmap-null
	     1/ 1 tests/vm/mmap-zero

	     2/ 2 tests/vm/mmap-misalign

	     2/ 2 tests/vm/mmap-over-code
	     2/ 2 tests/vm/mmap-over-data
	     2/ 2 tests/vm/mmap-over-stk
	     2/ 2 tests/vm/mmap-overlap


	- Section summary.
	     14/ 14 tests passed
	     28/ 28 points subtotal


- - - - - - - - - - - - - - - - - - - - - - - - - - - - - - - - - - - - - - 

DETAILS OF tests/filesys/extended/dir-mkdir FAILURE:

Run didn't start up properly: no "Pintos booting" message

OUTPUT FROM tests/filesys/extended/dir-mkdir:

Copying tests/filesys/extended/dir-mkdir into /tmp/J7QDbVPgQT.dsk...
Copying tests/filesys/extended/tar into /tmp/J7QDbVPgQT.dsk...
Writing command line to /tmp/NuOUGjNIOa.dsk...
squish-pty bochs -q
========================================================================
                       Bochs x86 Emulator 2.6.9
               Built from SVN snapshot on April 9, 2017
                  Compiled on Sep  7 2017 at 15:54:38
========================================================================

- - - - - - - - - - - - - - - - - - - - - - - - - - - - - - - - - - - - - - 

DETAILS OF tests/filesys/extended/dir-mk-tree FAILURE:

Run didn't start up properly: no "Pintos booting" message

OUTPUT FROM tests/filesys/extended/dir-mk-tree:

Copying tests/filesys/extended/dir-mk-tree into /tmp/KHHVM9MRGC.dsk...
Copying tests/filesys/extended/tar into /tmp/KHHVM9MRGC.dsk...
Writing command line to /tmp/mh18pCT6No.dsk...
squish-pty bochs -q
========================================================================
                       Bochs x86 Emulator 2.6.9
               Built from SVN snapshot on April 9, 2017
                  Compiled on Sep  7 2017 at 15:54:38
========================================================================

- - - - - - - - - - - - - - - - - - - - - - - - - - - - - - - - - - - - - - 

DETAILS OF tests/filesys/extended/dir-rmdir FAILURE:

Run didn't start up properly: no "Pintos booting" message

OUTPUT FROM tests/filesys/extended/dir-rmdir:

Copying tests/filesys/extended/dir-rmdir into /tmp/4le9AYw5vT.dsk...
Copying tests/filesys/extended/tar into /tmp/4le9AYw5vT.dsk...
Writing command line to /tmp/HIk6KzaYDT.dsk...
squish-pty bochs -q
========================================================================
                       Bochs x86 Emulator 2.6.9
               Built from SVN snapshot on April 9, 2017
                  Compiled on Sep  7 2017 at 15:54:38
========================================================================

- - - - - - - - - - - - - - - - - - - - - - - - - - - - - - - - - - - - - - 

DETAILS OF tests/filesys/extended/dir-rm-tree FAILURE:

Run didn't start up properly: no "Pintos booting" message

OUTPUT FROM tests/filesys/extended/dir-rm-tree:

Copying tests/filesys/extended/dir-rm-tree into /tmp/Dtvue5x5dG.dsk...
Copying tests/filesys/extended/tar into /tmp/Dtvue5x5dG.dsk...
Writing command line to /tmp/DiFlV1LLfd.dsk...
squish-pty bochs -q
========================================================================
                       Bochs x86 Emulator 2.6.9
               Built from SVN snapshot on April 9, 2017
                  Compiled on Sep  7 2017 at 15:54:38
========================================================================

- - - - - - - - - - - - - - - - - - - - - - - - - - - - - - - - - - - - - - 

DETAILS OF tests/filesys/extended/dir-vine FAILURE:

Run didn't start up properly: no "Pintos booting" message

OUTPUT FROM tests/filesys/extended/dir-vine:

Copying tests/filesys/extended/dir-vine into /tmp/eeJP_5vXuW.dsk...
Copying tests/filesys/extended/tar into /tmp/eeJP_5vXuW.dsk...
Writing command line to /tmp/PohepxU3z4.dsk...
squish-pty bochs -q
========================================================================
                       Bochs x86 Emulator 2.6.9
               Built from SVN snapshot on April 9, 2017
                  Compiled on Sep  7 2017 at 15:54:38
========================================================================

- - - - - - - - - - - - - - - - - - - - - - - - - - - - - - - - - - - - - - 

DETAILS OF tests/filesys/extended/grow-create FAILURE:

Run didn't start up properly: no "Pintos booting" message

OUTPUT FROM tests/filesys/extended/grow-create:

Copying tests/filesys/extended/grow-create into /tmp/kd2HHz5Ltz.dsk...
Copying tests/filesys/extended/tar into /tmp/kd2HHz5Ltz.dsk...
Writing command line to /tmp/7Lh7hy7FQ7.dsk...
squish-pty bochs -q
========================================================================
                       Bochs x86 Emulator 2.6.9
               Built from SVN snapshot on April 9, 2017
                  Compiled on Sep  7 2017 at 15:54:38
========================================================================

- - - - - - - - - - - - - - - - - - - - - - - - - - - - - - - - - - - - - - 

DETAILS OF tests/filesys/extended/grow-seq-sm FAILURE:

Run didn't start up properly: no "Pintos booting" message

OUTPUT FROM tests/filesys/extended/grow-seq-sm:

Copying tests/filesys/extended/grow-seq-sm into /tmp/GDy0ygAqzr.dsk...
Copying tests/filesys/extended/tar into /tmp/GDy0ygAqzr.dsk...
Writing command line to /tmp/5qpuZOVBbk.dsk...
squish-pty bochs -q
========================================================================
                       Bochs x86 Emulator 2.6.9
               Built from SVN snapshot on April 9, 2017
                  Compiled on Sep  7 2017 at 15:54:38
========================================================================

- - - - - - - - - - - - - - - - - - - - - - - - - - - - - - - - - - - - - - 

DETAILS OF tests/filesys/extended/grow-seq-lg FAILURE:

Run didn't start up properly: no "Pintos booting" message

OUTPUT FROM tests/filesys/extended/grow-seq-lg:

Copying tests/filesys/extended/grow-seq-lg into /tmp/X0OvrNluyc.dsk...
Copying tests/filesys/extended/tar into /tmp/X0OvrNluyc.dsk...
Writing command line to /tmp/6lBYvLt_US.dsk...
squish-pty bochs -q
========================================================================
                       Bochs x86 Emulator 2.6.9
               Built from SVN snapshot on April 9, 2017
                  Compiled on Sep  7 2017 at 15:54:38
========================================================================

- - - - - - - - - - - - - - - - - - - - - - - - - - - - - - - - - - - - - - 

DETAILS OF tests/filesys/extended/grow-sparse FAILURE:

Run didn't start up properly: no "Pintos booting" message

OUTPUT FROM tests/filesys/extended/grow-sparse:

Copying tests/filesys/extended/grow-sparse into /tmp/QiPpExGd7C.dsk...
Copying tests/filesys/extended/tar into /tmp/QiPpExGd7C.dsk...
Writing command line to /tmp/EoQ0xreLZQ.dsk...
squish-pty bochs -q
========================================================================
                       Bochs x86 Emulator 2.6.9
               Built from SVN snapshot on April 9, 2017
                  Compiled on Sep  7 2017 at 15:54:38
========================================================================

- - - - - - - - - - - - - - - - - - - - - - - - - - - - - - - - - - - - - - 

DETAILS OF tests/filesys/extended/grow-two-files FAILURE:

Run didn't start up properly: no "Pintos booting" message

OUTPUT FROM tests/filesys/extended/grow-two-files:

Copying tests/filesys/extended/grow-two-files into /tmp/1feSOUWTF9.dsk...
Copying tests/filesys/extended/tar into /tmp/1feSOUWTF9.dsk...
Writing command line to /tmp/4Mur8VKGEU.dsk...
squish-pty bochs -q
========================================================================
                       Bochs x86 Emulator 2.6.9
               Built from SVN snapshot on April 9, 2017
                  Compiled on Sep  7 2017 at 15:54:38
========================================================================

- - - - - - - - - - - - - - - - - - - - - - - - - - - - - - - - - - - - - - 

DETAILS OF tests/filesys/extended/grow-tell FAILURE:

Run didn't start up properly: no "Pintos booting" message

OUTPUT FROM tests/filesys/extended/grow-tell:

Copying tests/filesys/extended/grow-tell into /tmp/u0YzhOj8Q7.dsk...
Copying tests/filesys/extended/tar into /tmp/u0YzhOj8Q7.dsk...
Writing command line to /tmp/ChCavD9ShI.dsk...
squish-pty bochs -q
========================================================================
                       Bochs x86 Emulator 2.6.9
               Built from SVN snapshot on April 9, 2017
                  Compiled on Sep  7 2017 at 15:54:38
========================================================================

- - - - - - - - - - - - - - - - - - - - - - - - - - - - - - - - - - - - - - 

DETAILS OF tests/filesys/extended/grow-file-size FAILURE:

Run didn't start up properly: no "Pintos booting" message

OUTPUT FROM tests/filesys/extended/grow-file-size:

Copying tests/filesys/extended/grow-file-size into /tmp/5hND2JdFdb.dsk...
Copying tests/filesys/extended/tar into /tmp/5hND2JdFdb.dsk...
Writing command line to /tmp/XQxiH8zVwj.dsk...
squish-pty bochs -q
========================================================================
                       Bochs x86 Emulator 2.6.9
               Built from SVN snapshot on April 9, 2017
                  Compiled on Sep  7 2017 at 15:54:38
========================================================================

- - - - - - - - - - - - - - - - - - - - - - - - - - - - - - - - - - - - - - 

DETAILS OF tests/filesys/extended/grow-dir-lg FAILURE:

Run didn't start up properly: no "Pintos booting" message

OUTPUT FROM tests/filesys/extended/grow-dir-lg:

Copying tests/filesys/extended/grow-dir-lg into /tmp/VxPijhc6LY.dsk...
Copying tests/filesys/extended/tar into /tmp/VxPijhc6LY.dsk...
Writing command line to /tmp/CgKlDiP7D3.dsk...
squish-pty bochs -q
========================================================================
                       Bochs x86 Emulator 2.6.9
               Built from SVN snapshot on April 9, 2017
                  Compiled on Sep  7 2017 at 15:54:38
========================================================================

- - - - - - - - - - - - - - - - - - - - - - - - - - - - - - - - - - - - - - 

DETAILS OF tests/filesys/extended/grow-root-sm FAILURE:

Run didn't start up properly: no "Pintos booting" message

OUTPUT FROM tests/filesys/extended/grow-root-sm:

Copying tests/filesys/extended/grow-root-sm into /tmp/dBg6rId6gP.dsk...
Copying tests/filesys/extended/tar into /tmp/dBg6rId6gP.dsk...
Writing command line to /tmp/FUmqoaNvpD.dsk...
squish-pty bochs -q
========================================================================
                       Bochs x86 Emulator 2.6.9
               Built from SVN snapshot on April 9, 2017
                  Compiled on Sep  7 2017 at 15:54:38
========================================================================

- - - - - - - - - - - - - - - - - - - - - - - - - - - - - - - - - - - - - - 

DETAILS OF tests/filesys/extended/grow-root-lg FAILURE:

Run didn't start up properly: no "Pintos booting" message

OUTPUT FROM tests/filesys/extended/grow-root-lg:

Copying tests/filesys/extended/grow-root-lg into /tmp/F2TytmfzDh.dsk...
Copying tests/filesys/extended/tar into /tmp/F2TytmfzDh.dsk...
Writing command line to /tmp/m4ykZXb4oV.dsk...
squish-pty bochs -q
========================================================================
                       Bochs x86 Emulator 2.6.9
               Built from SVN snapshot on April 9, 2017
                  Compiled on Sep  7 2017 at 15:54:38
========================================================================

- - - - - - - - - - - - - - - - - - - - - - - - - - - - - - - - - - - - - - 

DETAILS OF tests/filesys/extended/syn-rw FAILURE:

Run didn't start up properly: no "Pintos booting" message

OUTPUT FROM tests/filesys/extended/syn-rw:

Copying tests/filesys/extended/syn-rw into /tmp/DSMTI9cQoI.dsk...
Copying tests/filesys/extended/tar into /tmp/DSMTI9cQoI.dsk...
Copying tests/filesys/extended/child-syn-rw into /tmp/DSMTI9cQoI.dsk...
Writing command line to /tmp/kj19Bn6jhI.dsk...
squish-pty bochs -q
========================================================================
                       Bochs x86 Emulator 2.6.9
               Built from SVN snapshot on April 9, 2017
                  Compiled on Sep  7 2017 at 15:54:38
========================================================================

- - - - - - - - - - - - - - - - - - - - - - - - - - - - - - - - - - - - - - 

DETAILS OF tests/filesys/extended/dir-empty-name FAILURE:

Run didn't start up properly: no "Pintos booting" message

OUTPUT FROM tests/filesys/extended/dir-empty-name:

Copying tests/filesys/extended/dir-empty-name into /tmp/mO0q5CGvYa.dsk...
Copying tests/filesys/extended/tar into /tmp/mO0q5CGvYa.dsk...
Writing command line to /tmp/PRLDU2fHfD.dsk...
squish-pty bochs -q
========================================================================
                       Bochs x86 Emulator 2.6.9
               Built from SVN snapshot on April 9, 2017
                  Compiled on Sep  7 2017 at 15:54:38
========================================================================

- - - - - - - - - - - - - - - - - - - - - - - - - - - - - - - - - - - - - - 

DETAILS OF tests/filesys/extended/dir-open FAILURE:

Run didn't start up properly: no "Pintos booting" message

OUTPUT FROM tests/filesys/extended/dir-open:

Copying tests/filesys/extended/dir-open into /tmp/E730RjI49r.dsk...
Copying tests/filesys/extended/tar into /tmp/E730RjI49r.dsk...
Writing command line to /tmp/QCAhV5HbJy.dsk...
squish-pty bochs -q
========================================================================
                       Bochs x86 Emulator 2.6.9
               Built from SVN snapshot on April 9, 2017
                  Compiled on Sep  7 2017 at 15:54:38
========================================================================

- - - - - - - - - - - - - - - - - - - - - - - - - - - - - - - - - - - - - - 

DETAILS OF tests/filesys/extended/dir-over-file FAILURE:

Run didn't start up properly: no "Pintos booting" message

OUTPUT FROM tests/filesys/extended/dir-over-file:

Copying tests/filesys/extended/dir-over-file into /tmp/DaV2SUwciy.dsk...
Copying tests/filesys/extended/tar into /tmp/DaV2SUwciy.dsk...
Writing command line to /tmp/95SAVRY8im.dsk...
squish-pty bochs -q
========================================================================
                       Bochs x86 Emulator 2.6.9
               Built from SVN snapshot on April 9, 2017
                  Compiled on Sep  7 2017 at 15:54:38
========================================================================

- - - - - - - - - - - - - - - - - - - - - - - - - - - - - - - - - - - - - - 

DETAILS OF tests/filesys/extended/dir-under-file FAILURE:

Run didn't start up properly: no "Pintos booting" message

OUTPUT FROM tests/filesys/extended/dir-under-file:

Copying tests/filesys/extended/dir-under-file into /tmp/UV_X74a8Zj.dsk...
Copying tests/filesys/extended/tar into /tmp/UV_X74a8Zj.dsk...
Writing command line to /tmp/A9hRXCcpE3.dsk...
squish-pty bochs -q
========================================================================
                       Bochs x86 Emulator 2.6.9
               Built from SVN snapshot on April 9, 2017
                  Compiled on Sep  7 2017 at 15:54:38
========================================================================

- - - - - - - - - - - - - - - - - - - - - - - - - - - - - - - - - - - - - - 

DETAILS OF tests/filesys/extended/dir-rm-cwd FAILURE:

Run didn't start up properly: no "Pintos booting" message

OUTPUT FROM tests/filesys/extended/dir-rm-cwd:

Copying tests/filesys/extended/dir-rm-cwd into /tmp/FW50gtOXA9.dsk...
Copying tests/filesys/extended/tar into /tmp/FW50gtOXA9.dsk...
Writing command line to /tmp/kv4fig2oZb.dsk...
squish-pty bochs -q
========================================================================
                       Bochs x86 Emulator 2.6.9
               Built from SVN snapshot on April 9, 2017
                  Compiled on Sep  7 2017 at 15:54:38
========================================================================

- - - - - - - - - - - - - - - - - - - - - - - - - - - - - - - - - - - - - - 

DETAILS OF tests/filesys/extended/dir-rm-parent FAILURE:

Run didn't start up properly: no "Pintos booting" message

OUTPUT FROM tests/filesys/extended/dir-rm-parent:

Copying tests/filesys/extended/dir-rm-parent into /tmp/uJQmhMWl2G.dsk...
Copying tests/filesys/extended/tar into /tmp/uJQmhMWl2G.dsk...
Writing command line to /tmp/mP1lwqU8Te.dsk...
squish-pty bochs -q
========================================================================
                       Bochs x86 Emulator 2.6.9
               Built from SVN snapshot on April 9, 2017
                  Compiled on Sep  7 2017 at 15:54:38
========================================================================

- - - - - - - - - - - - - - - - - - - - - - - - - - - - - - - - - - - - - - 

DETAILS OF tests/filesys/extended/dir-rm-root FAILURE:

Run didn't start up properly: no "Pintos booting" message

OUTPUT FROM tests/filesys/extended/dir-rm-root:

Copying tests/filesys/extended/dir-rm-root into /tmp/6r4p4CIsqQ.dsk...
Copying tests/filesys/extended/tar into /tmp/6r4p4CIsqQ.dsk...
Writing command line to /tmp/HXxhZ4N2pP.dsk...
squish-pty bochs -q
========================================================================
                       Bochs x86 Emulator 2.6.9
               Built from SVN snapshot on April 9, 2017
                  Compiled on Sep  7 2017 at 15:54:38
========================================================================

- - - - - - - - - - - - - - - - - - - - - - - - - - - - - - - - - - - - - - 

DETAILS OF tests/filesys/extended/dir-empty-name-persistence FAILURE:

Prerequisite test tests/filesys/extended/dir-empty-name failed.

OUTPUT FROM tests/filesys/extended/dir-empty-name-persistence:

Writing command line to /tmp/VI7I2lY6cI.dsk...
squish-pty bochs -q
========================================================================
                       Bochs x86 Emulator 2.6.9
               Built from SVN snapshot on April 9, 2017
                  Compiled on Sep  7 2017 at 15:54:38
========================================================================
Copying tests/filesys/extended/dir-empty-name.tar out of /tmp/HvnPzoDVdU.dsk...

- - - - - - - - - - - - - - - - - - - - - - - - - - - - - - - - - - - - - - 

DETAILS OF tests/filesys/extended/dir-mk-tree-persistence FAILURE:

Prerequisite test tests/filesys/extended/dir-mk-tree failed.

OUTPUT FROM tests/filesys/extended/dir-mk-tree-persistence:

Writing command line to /tmp/D1c9Sa_aSC.dsk...
squish-pty bochs -q
========================================================================
                       Bochs x86 Emulator 2.6.9
               Built from SVN snapshot on April 9, 2017
                  Compiled on Sep  7 2017 at 15:54:38
========================================================================
Copying tests/filesys/extended/dir-mk-tree.tar out of /tmp/TRTnepq84f.dsk...

- - - - - - - - - - - - - - - - - - - - - - - - - - - - - - - - - - - - - - 

DETAILS OF tests/filesys/extended/dir-mkdir-persistence FAILURE:

Prerequisite test tests/filesys/extended/dir-mkdir failed.

OUTPUT FROM tests/filesys/extended/dir-mkdir-persistence:

Writing command line to /tmp/PvPeCho9el.dsk...
squish-pty bochs -q
========================================================================
                       Bochs x86 Emulator 2.6.9
               Built from SVN snapshot on April 9, 2017
                  Compiled on Sep  7 2017 at 15:54:38
========================================================================
Copying tests/filesys/extended/dir-mkdir.tar out of /tmp/KDIV69nHSQ.dsk...

- - - - - - - - - - - - - - - - - - - - - - - - - - - - - - - - - - - - - - 

DETAILS OF tests/filesys/extended/dir-open-persistence FAILURE:

Prerequisite test tests/filesys/extended/dir-open failed.

OUTPUT FROM tests/filesys/extended/dir-open-persistence:

Writing command line to /tmp/jHQAV6c1nb.dsk...
squish-pty bochs -q
========================================================================
                       Bochs x86 Emulator 2.6.9
               Built from SVN snapshot on April 9, 2017
                  Compiled on Sep  7 2017 at 15:54:38
========================================================================
Copying tests/filesys/extended/dir-open.tar out of /tmp/qbFSvYpl71.dsk...

- - - - - - - - - - - - - - - - - - - - - - - - - - - - - - - - - - - - - - 

DETAILS OF tests/filesys/extended/dir-over-file-persistence FAILURE:

Prerequisite test tests/filesys/extended/dir-over-file failed.

OUTPUT FROM tests/filesys/extended/dir-over-file-persistence:

Writing command line to /tmp/Ihi4_GPT4r.dsk...
squish-pty bochs -q
========================================================================
                       Bochs x86 Emulator 2.6.9
               Built from SVN snapshot on April 9, 2017
                  Compiled on Sep  7 2017 at 15:54:38
========================================================================
Copying tests/filesys/extended/dir-over-file.tar out of /tmp/Goo2JTghC4.dsk...

- - - - - - - - - - - - - - - - - - - - - - - - - - - - - - - - - - - - - - 

DETAILS OF tests/filesys/extended/dir-rm-cwd-persistence FAILURE:

Prerequisite test tests/filesys/extended/dir-rm-cwd failed.

OUTPUT FROM tests/filesys/extended/dir-rm-cwd-persistence:

Writing command line to /tmp/Nq0kZOJkPp.dsk...
squish-pty bochs -q
========================================================================
                       Bochs x86 Emulator 2.6.9
               Built from SVN snapshot on April 9, 2017
                  Compiled on Sep  7 2017 at 15:54:38
========================================================================
Copying tests/filesys/extended/dir-rm-cwd.tar out of /tmp/nEO8raZfVk.dsk...

- - - - - - - - - - - - - - - - - - - - - - - - - - - - - - - - - - - - - - 

DETAILS OF tests/filesys/extended/dir-rm-parent-persistence FAILURE:

Prerequisite test tests/filesys/extended/dir-rm-parent failed.

OUTPUT FROM tests/filesys/extended/dir-rm-parent-persistence:

Writing command line to /tmp/4D9pmDFfXq.dsk...
squish-pty bochs -q
========================================================================
                       Bochs x86 Emulator 2.6.9
               Built from SVN snapshot on April 9, 2017
                  Compiled on Sep  7 2017 at 15:54:38
========================================================================
Copying tests/filesys/extended/dir-rm-parent.tar out of /tmp/RJpctERt9m.dsk...

- - - - - - - - - - - - - - - - - - - - - - - - - - - - - - - - - - - - - - 

DETAILS OF tests/filesys/extended/dir-rm-root-persistence FAILURE:

Prerequisite test tests/filesys/extended/dir-rm-root failed.

OUTPUT FROM tests/filesys/extended/dir-rm-root-persistence:

Writing command line to /tmp/vjj5_5YoVx.dsk...
squish-pty bochs -q
========================================================================
                       Bochs x86 Emulator 2.6.9
               Built from SVN snapshot on April 9, 2017
                  Compiled on Sep  7 2017 at 15:54:38
========================================================================
Copying tests/filesys/extended/dir-rm-root.tar out of /tmp/wQJbyRuTP_.dsk...

- - - - - - - - - - - - - - - - - - - - - - - - - - - - - - - - - - - - - - 

DETAILS OF tests/filesys/extended/dir-rm-tree-persistence FAILURE:

Prerequisite test tests/filesys/extended/dir-rm-tree failed.

OUTPUT FROM tests/filesys/extended/dir-rm-tree-persistence:

Writing command line to /tmp/Ht5UCMDKLA.dsk...
squish-pty bochs -q
========================================================================
                       Bochs x86 Emulator 2.6.9
               Built from SVN snapshot on April 9, 2017
                  Compiled on Sep  7 2017 at 15:54:38
========================================================================
Copying tests/filesys/extended/dir-rm-tree.tar out of /tmp/94xWmRJg8o.dsk...

- - - - - - - - - - - - - - - - - - - - - - - - - - - - - - - - - - - - - - 

DETAILS OF tests/filesys/extended/dir-rmdir-persistence FAILURE:

Prerequisite test tests/filesys/extended/dir-rmdir failed.

OUTPUT FROM tests/filesys/extended/dir-rmdir-persistence:

Writing command line to /tmp/0kzPWTfNRh.dsk...
squish-pty bochs -q
========================================================================
                       Bochs x86 Emulator 2.6.9
               Built from SVN snapshot on April 9, 2017
                  Compiled on Sep  7 2017 at 15:54:38
========================================================================
Copying tests/filesys/extended/dir-rmdir.tar out of /tmp/BDEcC1krBH.dsk...

- - - - - - - - - - - - - - - - - - - - - - - - - - - - - - - - - - - - - - 

DETAILS OF tests/filesys/extended/dir-under-file-persistence FAILURE:

Prerequisite test tests/filesys/extended/dir-under-file failed.

OUTPUT FROM tests/filesys/extended/dir-under-file-persistence:

Writing command line to /tmp/TO3i2geKY6.dsk...
squish-pty bochs -q
========================================================================
                       Bochs x86 Emulator 2.6.9
               Built from SVN snapshot on April 9, 2017
                  Compiled on Sep  7 2017 at 15:54:38
========================================================================
Copying tests/filesys/extended/dir-under-file.tar out of /tmp/SLof9wspA9.dsk...

- - - - - - - - - - - - - - - - - - - - - - - - - - - - - - - - - - - - - - 

DETAILS OF tests/filesys/extended/dir-vine-persistence FAILURE:

Prerequisite test tests/filesys/extended/dir-vine failed.

OUTPUT FROM tests/filesys/extended/dir-vine-persistence:

Writing command line to /tmp/jqviod_oSa.dsk...
squish-pty bochs -q
========================================================================
                       Bochs x86 Emulator 2.6.9
               Built from SVN snapshot on April 9, 2017
                  Compiled on Sep  7 2017 at 15:54:38
========================================================================
Copying tests/filesys/extended/dir-vine.tar out of /tmp/H_XyYJ7STH.dsk...

- - - - - - - - - - - - - - - - - - - - - - - - - - - - - - - - - - - - - - 

DETAILS OF tests/filesys/extended/grow-create-persistence FAILURE:

Prerequisite test tests/filesys/extended/grow-create failed.

OUTPUT FROM tests/filesys/extended/grow-create-persistence:

Writing command line to /tmp/zAIaOEvUHd.dsk...
squish-pty bochs -q
========================================================================
                       Bochs x86 Emulator 2.6.9
               Built from SVN snapshot on April 9, 2017
                  Compiled on Sep  7 2017 at 15:54:38
========================================================================
Copying tests/filesys/extended/grow-create.tar out of /tmp/SK_qon02pS.dsk...

- - - - - - - - - - - - - - - - - - - - - - - - - - - - - - - - - - - - - - 

DETAILS OF tests/filesys/extended/grow-dir-lg-persistence FAILURE:

Prerequisite test tests/filesys/extended/grow-dir-lg failed.

OUTPUT FROM tests/filesys/extended/grow-dir-lg-persistence:

Writing command line to /tmp/xlRf39SDR9.dsk...
squish-pty bochs -q
========================================================================
                       Bochs x86 Emulator 2.6.9
               Built from SVN snapshot on April 9, 2017
                  Compiled on Sep  7 2017 at 15:54:38
========================================================================
Copying tests/filesys/extended/grow-dir-lg.tar out of /tmp/851xOHpjIf.dsk...

- - - - - - - - - - - - - - - - - - - - - - - - - - - - - - - - - - - - - - 

DETAILS OF tests/filesys/extended/grow-file-size-persistence FAILURE:

Prerequisite test tests/filesys/extended/grow-file-size failed.

OUTPUT FROM tests/filesys/extended/grow-file-size-persistence:

Writing command line to /tmp/hXHp3aM9YS.dsk...
squish-pty bochs -q
========================================================================
                       Bochs x86 Emulator 2.6.9
               Built from SVN snapshot on April 9, 2017
                  Compiled on Sep  7 2017 at 15:54:38
========================================================================
Copying tests/filesys/extended/grow-file-size.tar out of /tmp/DknPBt5PkK.dsk...

- - - - - - - - - - - - - - - - - - - - - - - - - - - - - - - - - - - - - - 

DETAILS OF tests/filesys/extended/grow-root-lg-persistence FAILURE:

Prerequisite test tests/filesys/extended/grow-root-lg failed.

OUTPUT FROM tests/filesys/extended/grow-root-lg-persistence:

Writing command line to /tmp/WFG_FtZ2hM.dsk...
squish-pty bochs -q
========================================================================
                       Bochs x86 Emulator 2.6.9
               Built from SVN snapshot on April 9, 2017
                  Compiled on Sep  7 2017 at 15:54:38
========================================================================
Copying tests/filesys/extended/grow-root-lg.tar out of /tmp/80YLBIkIBC.dsk...

- - - - - - - - - - - - - - - - - - - - - - - - - - - - - - - - - - - - - - 

DETAILS OF tests/filesys/extended/grow-root-sm-persistence FAILURE:

Prerequisite test tests/filesys/extended/grow-root-sm failed.

OUTPUT FROM tests/filesys/extended/grow-root-sm-persistence:

Writing command line to /tmp/_XkCAQYDle.dsk...
squish-pty bochs -q
========================================================================
                       Bochs x86 Emulator 2.6.9
               Built from SVN snapshot on April 9, 2017
                  Compiled on Sep  7 2017 at 15:54:38
========================================================================
Copying tests/filesys/extended/grow-root-sm.tar out of /tmp/33GZmzyN8r.dsk...

- - - - - - - - - - - - - - - - - - - - - - - - - - - - - - - - - - - - - - 

DETAILS OF tests/filesys/extended/grow-seq-lg-persistence FAILURE:

Prerequisite test tests/filesys/extended/grow-seq-lg failed.

OUTPUT FROM tests/filesys/extended/grow-seq-lg-persistence:

Writing command line to /tmp/w89SqKu_KY.dsk...
squish-pty bochs -q
========================================================================
                       Bochs x86 Emulator 2.6.9
               Built from SVN snapshot on April 9, 2017
                  Compiled on Sep  7 2017 at 15:54:38
========================================================================
Copying tests/filesys/extended/grow-seq-lg.tar out of /tmp/EGkr2WIrni.dsk...

- - - - - - - - - - - - - - - - - - - - - - - - - - - - - - - - - - - - - - 

DETAILS OF tests/filesys/extended/grow-seq-sm-persistence FAILURE:

Prerequisite test tests/filesys/extended/grow-seq-sm failed.

OUTPUT FROM tests/filesys/extended/grow-seq-sm-persistence:

Writing command line to /tmp/5Brb0OQTMU.dsk...
squish-pty bochs -q
========================================================================
                       Bochs x86 Emulator 2.6.9
               Built from SVN snapshot on April 9, 2017
                  Compiled on Sep  7 2017 at 15:54:38
========================================================================
Copying tests/filesys/extended/grow-seq-sm.tar out of /tmp/tm6CVcgEqJ.dsk...

- - - - - - - - - - - - - - - - - - - - - - - - - - - - - - - - - - - - - - 

DETAILS OF tests/filesys/extended/grow-sparse-persistence FAILURE:

Prerequisite test tests/filesys/extended/grow-sparse failed.

OUTPUT FROM tests/filesys/extended/grow-sparse-persistence:

Writing command line to /tmp/pQlpE8WNvJ.dsk...
squish-pty bochs -q
========================================================================
                       Bochs x86 Emulator 2.6.9
               Built from SVN snapshot on April 9, 2017
                  Compiled on Sep  7 2017 at 15:54:38
========================================================================
Copying tests/filesys/extended/grow-sparse.tar out of /tmp/bcwvXmsIWE.dsk...

- - - - - - - - - - - - - - - - - - - - - - - - - - - - - - - - - - - - - - 

DETAILS OF tests/filesys/extended/grow-tell-persistence FAILURE:

Prerequisite test tests/filesys/extended/grow-tell failed.

OUTPUT FROM tests/filesys/extended/grow-tell-persistence:

Writing command line to /tmp/gIjvKJHK56.dsk...
squish-pty bochs -q
========================================================================
                       Bochs x86 Emulator 2.6.9
               Built from SVN snapshot on April 9, 2017
                  Compiled on Sep  7 2017 at 15:54:38
========================================================================
Copying tests/filesys/extended/grow-tell.tar out of /tmp/7S7TmY10AB.dsk...

- - - - - - - - - - - - - - - - - - - - - - - - - - - - - - - - - - - - - - 

DETAILS OF tests/filesys/extended/grow-two-files-persistence FAILURE:

Prerequisite test tests/filesys/extended/grow-two-files failed.

OUTPUT FROM tests/filesys/extended/grow-two-files-persistence:

Writing command line to /tmp/zao8488e0I.dsk...
squish-pty bochs -q
========================================================================
                       Bochs x86 Emulator 2.6.9
               Built from SVN snapshot on April 9, 2017
                  Compiled on Sep  7 2017 at 15:54:38
========================================================================
Copying tests/filesys/extended/grow-two-files.tar out of /tmp/keOgKknC0m.dsk...

- - - - - - - - - - - - - - - - - - - - - - - - - - - - - - - - - - - - - - 

DETAILS OF tests/filesys/extended/syn-rw-persistence FAILURE:

Prerequisite test tests/filesys/extended/syn-rw failed.

OUTPUT FROM tests/filesys/extended/syn-rw-persistence:

Writing command line to /tmp/VgCkzXcHIH.dsk...
squish-pty bochs -q
========================================================================
                       Bochs x86 Emulator 2.6.9
               Built from SVN snapshot on April 9, 2017
                  Compiled on Sep  7 2017 at 15:54:38
========================================================================
Copying tests/filesys/extended/syn-rw.tar out of /tmp/zbSHvxrzQR.dsk...

- - - - - - - - - - - - - - - - - - - - - - - - - - - - - - - - - - - - - - 

DETAILS OF tests/filesys/base/syn-remove FAILURE:

Kernel panic in run: PANIC at ../../threads/malloc.c:278 in block_to_arena(): assertion `a->desc == NULL || (pg_ofs (b) - sizeof *a) % a->desc->block_size == 0' failed.
Call stack: 0xc0106aea
Translation of call stack:
0xc0106aea: debug_panic (.../../lib/kernel/debug.c:34)

OUTPUT FROM tests/filesys/base/syn-remove:

Copying tests/filesys/base/syn-remove into /tmp/SyZ9XKdn6D.dsk...
Writing command line to /tmp/j1ADSBguwG.dsk...
squish-pty bochs -q
========================================================================
                       Bochs x86 Emulator 2.6.9
               Built from SVN snapshot on April 9, 2017
                  Compiled on Sep  7 2017 at 15:54:38
========================================================================
Kernel command line: -q -f put syn-remove run syn-remove
Pintos booting with 4,096 kB RAM...
367 pages available in kernel pool.
366 pages available in user pool.
Calibrating timer...  204,600 loops/s.
hd0:0: detected 1,008 sector (504 kB) disk, model "Generic 1234", serial "BXHD00011"
hd0:1: detected 4,032 sector (1 MB) disk, model "Generic 1234", serial "BXHD00012"
hd1:0: detected 1,008 sector (504 kB) disk, model "Generic 1234", serial "BXHD00021"
hd1:1: detected 8,064 sector (3 MB) disk, model "Generic 1234", serial "BXHD00022"
Formatting file system...done.
Boot complete.
Putting 'syn-remove' into the file system...
Executing 'syn-remove':
(syn-remove) begin
(syn-remove) create "deleteme"
(syn-remove) open "deleteme"
(syn-remove) remove "deleteme"
(syn-remove) write "deleteme"
(syn-remove) seek "deleteme" to 0
(syn-remove) read "deleteme"
(syn-remove) close "deleteme"
Kernel PANIC at ../../threads/malloc.c:278 in block_to_arena(): assertion `a->desc == NULL || (pg_ofs (b) - sizeof *a) % a->desc->block_size == 0' failed.
Call stack: 0xc0106aeasyn-remove: exit(-1)
Execution of 'syn-remove' complete.
Timer: 814 ticks
Thread: 33 idle ticks, 593 kernel ticks, 190 user ticks
hd0:0: 0 reads, 0 writes
hd0:1: 51 reads, 182 writes
hd1:0: 105 reads, 0 writes
hd1:1: 0 reads, 0 writes
Console: 1298 characters output
Keyboard: 0 keys pressed
Exception: 6 page faults
Powering off...

- - - - - - - - - - - - - - - - - - - - - - - - - - - - - - - - - - - - - - 

DETAILS OF tests/vm/mmap-remove FAILURE:

Kernel panic in run: PANIC at ../../threads/malloc.c:278 in block_to_arena(): assertion `a->desc == NULL || (pg_ofs (b) - sizeof *a) % a->desc->block_size == 0' failed.
Call stack: 0xc0106aea
Translation of call stack:
0xc0106aea: debug_panic (.../../lib/kernel/debug.c:34)

OUTPUT FROM tests/vm/mmap-remove:

Copying tests/vm/mmap-remove into /tmp/AfqAeavhiy.dsk...
Copying ../../tests/vm/sample.txt into /tmp/AfqAeavhiy.dsk...
Writing command line to /tmp/7JkIgcYlIZ.dsk...
squish-pty bochs -q
========================================================================
                       Bochs x86 Emulator 2.6.9
               Built from SVN snapshot on April 9, 2017
                  Compiled on Sep  7 2017 at 15:54:38
========================================================================
Kernel command line: -q -f put mmap-remove put sample.txt run mmap-remove
Pintos booting with 4,096 kB RAM...
367 pages available in kernel pool.
366 pages available in user pool.
Calibrating timer...  204,600 loops/s.
hd0:0: detected 1,008 sector (504 kB) disk, model "Generic 1234", serial "BXHD00011"
hd0:1: detected 4,032 sector (1 MB) disk, model "Generic 1234", serial "BXHD00012"
hd1:0: detected 1,008 sector (504 kB) disk, model "Generic 1234", serial "BXHD00021"
hd1:1: detected 8,064 sector (3 MB) disk, model "Generic 1234", serial "BXHD00022"
Formatting file system...done.
Boot complete.
Putting 'mmap-remove' into the file system...
Putting 'sample.txt' into the file system...
Executing 'mmap-remove':
(mmap-remove) begin
(mmap-remove) open "sample.txt"
(mmap-remove) mmap "sample.txt"
(mmap-remove) remove "sample.txt"
(mmap-remove) try to open "sample.txt"
(mmap-remove) create "another"
(mmap-remove) end
mmap-remove: exit(0)
Kernel PANIC at ../../threads/malloc.c:278 in block_to_arena(): assertion `a->desc == NULL || (pg_ofs (b) - sizeof *a) % a->desc->block_size == 0' failed.
Call stack: 0xc0106aeammap-remove: exit(-1)
Execution of 'mmap-remove' complete.
Timer: 1145 ticks
Thread: 32 idle ticks, 651 kernel ticks, 465 user ticks
hd0:0: 0 reads, 0 writes
hd0:1: 60 reads, 267 writes
hd1:0: 107 reads, 0 writes
hd1:1: 0 reads, 0 writes
Console: 1359 characters output
Keyboard: 0 keys pressed
Exception: 6 page faults
Powering off...
